<?xml version="1.0" encoding="UTF-8"?>
<testsuite xmlns:xsi="http://www.w3.org/2001/XMLSchema-instance" xsi:noNamespaceSchemaLocation="https://maven.apache.org/surefire/maven-surefire-plugin/xsd/surefire-test-report.xsd" name="TestSuite" time="31.74" tests="2" errors="0" skipped="0" failures="0">
  <properties>
    <property name="java.specification.version" value="13"/>
    <property name="sun.cpu.isalist" value="amd64"/>
    <property name="sun.jnu.encoding" value="Cp1252"/>
    <property name="java.class.path" value="D:\Users\rganesan\Learning\Cucumber_Java_TestNG\Framework\target\test-classes;D:\Users\rganesan\Learning\Cucumber_Java_TestNG\Framework\target\classes;D:\Users\rganesan\.m2\repository\org\seleniumhq\selenium\selenium-java\3.141.59\selenium-java-3.141.59.jar;D:\Users\rganesan\.m2\repository\org\seleniumhq\selenium\selenium-api\3.141.59\selenium-api-3.141.59.jar;D:\Users\rganesan\.m2\repository\org\seleniumhq\selenium\selenium-chrome-driver\3.141.59\selenium-chrome-driver-3.141.59.jar;D:\Users\rganesan\.m2\repository\org\seleniumhq\selenium\selenium-edge-driver\3.141.59\selenium-edge-driver-3.141.59.jar;D:\Users\rganesan\.m2\repository\org\seleniumhq\selenium\selenium-firefox-driver\3.141.59\selenium-firefox-driver-3.141.59.jar;D:\Users\rganesan\.m2\repository\org\seleniumhq\selenium\selenium-ie-driver\3.141.59\selenium-ie-driver-3.141.59.jar;D:\Users\rganesan\.m2\repository\org\seleniumhq\selenium\selenium-opera-driver\3.141.59\selenium-opera-driver-3.141.59.jar;D:\Users\rganesan\.m2\repository\org\seleniumhq\selenium\selenium-remote-driver\3.141.59\selenium-remote-driver-3.141.59.jar;D:\Users\rganesan\.m2\repository\org\seleniumhq\selenium\selenium-safari-driver\3.141.59\selenium-safari-driver-3.141.59.jar;D:\Users\rganesan\.m2\repository\org\seleniumhq\selenium\selenium-support\3.141.59\selenium-support-3.141.59.jar;D:\Users\rganesan\.m2\repository\net\bytebuddy\byte-buddy\1.8.15\byte-buddy-1.8.15.jar;D:\Users\rganesan\.m2\repository\org\apache\commons\commons-exec\1.3\commons-exec-1.3.jar;D:\Users\rganesan\.m2\repository\com\google\guava\guava\25.0-jre\guava-25.0-jre.jar;D:\Users\rganesan\.m2\repository\com\google\code\findbugs\jsr305\1.3.9\jsr305-1.3.9.jar;D:\Users\rganesan\.m2\repository\org\checkerframework\checker-compat-qual\2.0.0\checker-compat-qual-2.0.0.jar;D:\Users\rganesan\.m2\repository\com\google\errorprone\error_prone_annotations\2.1.3\error_prone_annotations-2.1.3.jar;D:\Users\rganesan\.m2\repository\com\google\j2objc\j2objc-annotations\1.1\j2objc-annotations-1.1.jar;D:\Users\rganesan\.m2\repository\org\codehaus\mojo\animal-sniffer-annotations\1.14\animal-sniffer-annotations-1.14.jar;D:\Users\rganesan\.m2\repository\com\squareup\okhttp3\okhttp\3.11.0\okhttp-3.11.0.jar;D:\Users\rganesan\.m2\repository\com\squareup\okio\okio\1.14.0\okio-1.14.0.jar;D:\Users\rganesan\.m2\repository\org\testng\testng\7.1.0\testng-7.1.0.jar;D:\Users\rganesan\.m2\repository\com\beust\jcommander\1.72\jcommander-1.72.jar;D:\Users\rganesan\.m2\repository\com\google\inject\guice\4.1.0\guice-4.1.0-no_aop.jar;D:\Users\rganesan\.m2\repository\javax\inject\javax.inject\1\javax.inject-1.jar;D:\Users\rganesan\.m2\repository\aopalliance\aopalliance\1.0\aopalliance-1.0.jar;D:\Users\rganesan\.m2\repository\org\yaml\snakeyaml\1.21\snakeyaml-1.21.jar;D:\Users\rganesan\.m2\repository\io\cucumber\cucumber-java\6.2.2\cucumber-java-6.2.2.jar;D:\Users\rganesan\.m2\repository\io\cucumber\cucumber-core\6.2.2\cucumber-core-6.2.2.jar;D:\Users\rganesan\.m2\repository\io\cucumber\cucumber-gherkin\6.2.2\cucumber-gherkin-6.2.2.jar;D:\Users\rganesan\.m2\repository\io\cucumber\cucumber-gherkin-messages\6.2.2\cucumber-gherkin-messages-6.2.2.jar;D:\Users\rganesan\.m2\repository\io\cucumber\messages\12.2.0\messages-12.2.0.jar;D:\Users\rganesan\.m2\repository\io\cucumber\tag-expressions\3.0.0\tag-expressions-3.0.0.jar;D:\Users\rganesan\.m2\repository\io\cucumber\cucumber-expressions\10.2.1\cucumber-expressions-10.2.1.jar;D:\Users\rganesan\.m2\repository\io\cucumber\datatable\3.3.1\datatable-3.3.1.jar;D:\Users\rganesan\.m2\repository\io\cucumber\cucumber-plugin\6.2.2\cucumber-plugin-6.2.2.jar;D:\Users\rganesan\.m2\repository\io\cucumber\docstring\6.2.2\docstring-6.2.2.jar;D:\Users\rganesan\.m2\repository\io\cucumber\html-formatter\7.0.0\html-formatter-7.0.0.jar;D:\Users\rganesan\.m2\repository\org\apiguardian\apiguardian-api\1.1.0\apiguardian-api-1.1.0.jar;D:\Users\rganesan\.m2\repository\io\cucumber\cucumber-testng\6.2.2\cucumber-testng-6.2.2.jar;D:\Users\rganesan\.m2\repository\io\cucumber\cucumber-jvm-deps\1.0.6\cucumber-jvm-deps-1.0.6.jar;D:\Users\rganesan\.m2\repository\net\masterthought\cucumber-reporting\5.3.0\cucumber-reporting-5.3.0.jar;D:\Users\rganesan\.m2\repository\com\fasterxml\jackson\core\jackson-databind\2.10.1\jackson-databind-2.10.1.jar;D:\Users\rganesan\.m2\repository\com\fasterxml\jackson\core\jackson-annotations\2.10.1\jackson-annotations-2.10.1.jar;D:\Users\rganesan\.m2\repository\com\fasterxml\jackson\core\jackson-core\2.10.1\jackson-core-2.10.1.jar;D:\Users\rganesan\.m2\repository\com\fasterxml\jackson\datatype\jackson-datatype-jsr310\2.10.1\jackson-datatype-jsr310-2.10.1.jar;D:\Users\rganesan\.m2\repository\org\apache\velocity\velocity-engine-core\2.1\velocity-engine-core-2.1.jar;D:\Users\rganesan\.m2\repository\org\slf4j\slf4j-api\1.7.26\slf4j-api-1.7.26.jar;D:\Users\rganesan\.m2\repository\commons-collections\commons-collections\3.2.2\commons-collections-3.2.2.jar;D:\Users\rganesan\.m2\repository\joda-time\joda-time\2.10.5\joda-time-2.10.5.jar;D:\Users\rganesan\.m2\repository\org\apache\commons\commons-lang3\3.9\commons-lang3-3.9.jar;D:\Users\rganesan\.m2\repository\commons-io\commons-io\2.6\commons-io-2.6.jar;D:\Users\rganesan\.m2\repository\org\codehaus\plexus\plexus-utils\3.3.0\plexus-utils-3.3.0.jar;D:\Users\rganesan\.m2\repository\org\jsoup\jsoup\1.12.1\jsoup-1.12.1.jar;D:\Users\rganesan\.m2\repository\com\googlecode\owasp-java-html-sanitizer\owasp-java-html-sanitizer\20191001.1\owasp-java-html-sanitizer-20191001.1.jar;D:\Users\rganesan\.m2\repository\commons-configuration\commons-configuration\1.10\commons-configuration-1.10.jar;D:\Users\rganesan\.m2\repository\commons-lang\commons-lang\2.6\commons-lang-2.6.jar;D:\Users\rganesan\.m2\repository\commons-logging\commons-logging\1.1.1\commons-logging-1.1.1.jar;D:\Users\rganesan\.m2\repository\org\apache\maven\surefire\surefire-testng-utils\2.22.0\surefire-testng-utils-2.22.0.jar;D:\Users\rganesan\.m2\repository\org\apache\maven\surefire\surefire-grouper\2.22.0\surefire-grouper-2.22.0.jar;"/>
    <property name="java.vm.vendor" value="Oracle Corporation"/>
    <property name="sun.arch.data.model" value="64"/>
    <property name="user.variant" value=""/>
    <property name="java.vendor.url" value="https://java.oracle.com/"/>
    <property name="user.timezone" value="Asia/Calcutta"/>
    <property name="os.name" value="Windows 10"/>
    <property name="java.vm.specification.version" value="13"/>
    <property name="sun.java.launcher" value="SUN_STANDARD"/>
    <property name="user.country" value="US"/>
    <property name="sun.boot.library.path" value="C:\Program Files\Java\jdk-13\bin"/>
    <property name="sun.java.command" value="D:\Users\rganesan\AppData\Local\Temp\surefire7773121517729420800\surefirebooter15279707816880741828.jar D:\Users\rganesan\AppData\Local\Temp\surefire7773121517729420800 2020-07-10T17-31-04_011-jvmRun1 surefire8207698751688410696tmp surefire_0183093283643452870tmp"/>
    <property name="jdk.debug" value="release"/>
    <property name="surefire.test.class.path" value="D:\Users\rganesan\Learning\Cucumber_Java_TestNG\Framework\target\test-classes;D:\Users\rganesan\Learning\Cucumber_Java_TestNG\Framework\target\classes;D:\Users\rganesan\.m2\repository\org\seleniumhq\selenium\selenium-java\3.141.59\selenium-java-3.141.59.jar;D:\Users\rganesan\.m2\repository\org\seleniumhq\selenium\selenium-api\3.141.59\selenium-api-3.141.59.jar;D:\Users\rganesan\.m2\repository\org\seleniumhq\selenium\selenium-chrome-driver\3.141.59\selenium-chrome-driver-3.141.59.jar;D:\Users\rganesan\.m2\repository\org\seleniumhq\selenium\selenium-edge-driver\3.141.59\selenium-edge-driver-3.141.59.jar;D:\Users\rganesan\.m2\repository\org\seleniumhq\selenium\selenium-firefox-driver\3.141.59\selenium-firefox-driver-3.141.59.jar;D:\Users\rganesan\.m2\repository\org\seleniumhq\selenium\selenium-ie-driver\3.141.59\selenium-ie-driver-3.141.59.jar;D:\Users\rganesan\.m2\repository\org\seleniumhq\selenium\selenium-opera-driver\3.141.59\selenium-opera-driver-3.141.59.jar;D:\Users\rganesan\.m2\repository\org\seleniumhq\selenium\selenium-remote-driver\3.141.59\selenium-remote-driver-3.141.59.jar;D:\Users\rganesan\.m2\repository\org\seleniumhq\selenium\selenium-safari-driver\3.141.59\selenium-safari-driver-3.141.59.jar;D:\Users\rganesan\.m2\repository\org\seleniumhq\selenium\selenium-support\3.141.59\selenium-support-3.141.59.jar;D:\Users\rganesan\.m2\repository\net\bytebuddy\byte-buddy\1.8.15\byte-buddy-1.8.15.jar;D:\Users\rganesan\.m2\repository\org\apache\commons\commons-exec\1.3\commons-exec-1.3.jar;D:\Users\rganesan\.m2\repository\com\google\guava\guava\25.0-jre\guava-25.0-jre.jar;D:\Users\rganesan\.m2\repository\com\google\code\findbugs\jsr305\1.3.9\jsr305-1.3.9.jar;D:\Users\rganesan\.m2\repository\org\checkerframework\checker-compat-qual\2.0.0\checker-compat-qual-2.0.0.jar;D:\Users\rganesan\.m2\repository\com\google\errorprone\error_prone_annotations\2.1.3\error_prone_annotations-2.1.3.jar;D:\Users\rganesan\.m2\repository\com\google\j2objc\j2objc-annotations\1.1\j2objc-annotations-1.1.jar;D:\Users\rganesan\.m2\repository\org\codehaus\mojo\animal-sniffer-annotations\1.14\animal-sniffer-annotations-1.14.jar;D:\Users\rganesan\.m2\repository\com\squareup\okhttp3\okhttp\3.11.0\okhttp-3.11.0.jar;D:\Users\rganesan\.m2\repository\com\squareup\okio\okio\1.14.0\okio-1.14.0.jar;D:\Users\rganesan\.m2\repository\org\testng\testng\7.1.0\testng-7.1.0.jar;D:\Users\rganesan\.m2\repository\com\beust\jcommander\1.72\jcommander-1.72.jar;D:\Users\rganesan\.m2\repository\com\google\inject\guice\4.1.0\guice-4.1.0-no_aop.jar;D:\Users\rganesan\.m2\repository\javax\inject\javax.inject\1\javax.inject-1.jar;D:\Users\rganesan\.m2\repository\aopalliance\aopalliance\1.0\aopalliance-1.0.jar;D:\Users\rganesan\.m2\repository\org\yaml\snakeyaml\1.21\snakeyaml-1.21.jar;D:\Users\rganesan\.m2\repository\io\cucumber\cucumber-java\6.2.2\cucumber-java-6.2.2.jar;D:\Users\rganesan\.m2\repository\io\cucumber\cucumber-core\6.2.2\cucumber-core-6.2.2.jar;D:\Users\rganesan\.m2\repository\io\cucumber\cucumber-gherkin\6.2.2\cucumber-gherkin-6.2.2.jar;D:\Users\rganesan\.m2\repository\io\cucumber\cucumber-gherkin-messages\6.2.2\cucumber-gherkin-messages-6.2.2.jar;D:\Users\rganesan\.m2\repository\io\cucumber\messages\12.2.0\messages-12.2.0.jar;D:\Users\rganesan\.m2\repository\io\cucumber\tag-expressions\3.0.0\tag-expressions-3.0.0.jar;D:\Users\rganesan\.m2\repository\io\cucumber\cucumber-expressions\10.2.1\cucumber-expressions-10.2.1.jar;D:\Users\rganesan\.m2\repository\io\cucumber\datatable\3.3.1\datatable-3.3.1.jar;D:\Users\rganesan\.m2\repository\io\cucumber\cucumber-plugin\6.2.2\cucumber-plugin-6.2.2.jar;D:\Users\rganesan\.m2\repository\io\cucumber\docstring\6.2.2\docstring-6.2.2.jar;D:\Users\rganesan\.m2\repository\io\cucumber\html-formatter\7.0.0\html-formatter-7.0.0.jar;D:\Users\rganesan\.m2\repository\org\apiguardian\apiguardian-api\1.1.0\apiguardian-api-1.1.0.jar;D:\Users\rganesan\.m2\repository\io\cucumber\cucumber-testng\6.2.2\cucumber-testng-6.2.2.jar;D:\Users\rganesan\.m2\repository\io\cucumber\cucumber-jvm-deps\1.0.6\cucumber-jvm-deps-1.0.6.jar;D:\Users\rganesan\.m2\repository\net\masterthought\cucumber-reporting\5.3.0\cucumber-reporting-5.3.0.jar;D:\Users\rganesan\.m2\repository\com\fasterxml\jackson\core\jackson-databind\2.10.1\jackson-databind-2.10.1.jar;D:\Users\rganesan\.m2\repository\com\fasterxml\jackson\core\jackson-annotations\2.10.1\jackson-annotations-2.10.1.jar;D:\Users\rganesan\.m2\repository\com\fasterxml\jackson\core\jackson-core\2.10.1\jackson-core-2.10.1.jar;D:\Users\rganesan\.m2\repository\com\fasterxml\jackson\datatype\jackson-datatype-jsr310\2.10.1\jackson-datatype-jsr310-2.10.1.jar;D:\Users\rganesan\.m2\repository\org\apache\velocity\velocity-engine-core\2.1\velocity-engine-core-2.1.jar;D:\Users\rganesan\.m2\repository\org\slf4j\slf4j-api\1.7.26\slf4j-api-1.7.26.jar;D:\Users\rganesan\.m2\repository\commons-collections\commons-collections\3.2.2\commons-collections-3.2.2.jar;D:\Users\rganesan\.m2\repository\joda-time\joda-time\2.10.5\joda-time-2.10.5.jar;D:\Users\rganesan\.m2\repository\org\apache\commons\commons-lang3\3.9\commons-lang3-3.9.jar;D:\Users\rganesan\.m2\repository\commons-io\commons-io\2.6\commons-io-2.6.jar;D:\Users\rganesan\.m2\repository\org\codehaus\plexus\plexus-utils\3.3.0\plexus-utils-3.3.0.jar;D:\Users\rganesan\.m2\repository\org\jsoup\jsoup\1.12.1\jsoup-1.12.1.jar;D:\Users\rganesan\.m2\repository\com\googlecode\owasp-java-html-sanitizer\owasp-java-html-sanitizer\20191001.1\owasp-java-html-sanitizer-20191001.1.jar;D:\Users\rganesan\.m2\repository\commons-configuration\commons-configuration\1.10\commons-configuration-1.10.jar;D:\Users\rganesan\.m2\repository\commons-lang\commons-lang\2.6\commons-lang-2.6.jar;D:\Users\rganesan\.m2\repository\commons-logging\commons-logging\1.1.1\commons-logging-1.1.1.jar;D:\Users\rganesan\.m2\repository\org\apache\maven\surefire\surefire-testng-utils\2.22.0\surefire-testng-utils-2.22.0.jar;D:\Users\rganesan\.m2\repository\org\apache\maven\surefire\surefire-grouper\2.22.0\surefire-grouper-2.22.0.jar;"/>
    <property name="sun.cpu.endian" value="little"/>
    <property name="user.home" value="D:\Users\rganesan"/>
    <property name="user.language" value="en"/>
    <property name="java.specification.vendor" value="Oracle Corporation"/>
    <property name="java.version.date" value="2019-09-17"/>
    <property name="java.home" value="C:\Program Files\Java\jdk-13"/>
    <property name="file.separator" value="\"/>
    <property name="basedir" value="D:\Users\rganesan\Learning\Cucumber_Java_TestNG\Framework"/>
    <property name="java.vm.compressedOopsMode" value="Zero based"/>
    <property name="line.separator" value="&#10;"/>
    <property name="java.vm.specification.vendor" value="Oracle Corporation"/>
    <property name="java.specification.name" value="Java Platform API Specification"/>
    <property name="surefire.real.class.path" value="D:\Users\rganesan\AppData\Local\Temp\surefire7773121517729420800\surefirebooter15279707816880741828.jar"/>
    <property name="user.script" value=""/>
    <property name="sun.management.compiler" value="HotSpot 64-Bit Tiered Compilers"/>
    <property name="java.runtime.version" value="13+33"/>
    <property name="user.name" value="rganesan"/>
    <property name="path.separator" value=";"/>
    <property name="os.version" value="10.0"/>
    <property name="java.runtime.name" value="OpenJDK Runtime Environment"/>
    <property name="file.encoding" value="Cp1252"/>
    <property name="java.vm.name" value="OpenJDK 64-Bit Server VM"/>
    <property name="localRepository" value="D:\Users\rganesan\.m2\repository"/>
    <property name="java.vendor.url.bug" value="https://bugreport.java.com/bugreport/"/>
    <property name="java.io.tmpdir" value="D:\Users\rganesan\AppData\Local\Temp\"/>
    <property name="java.version" value="13"/>
    <property name="user.dir" value="D:\Users\rganesan\Learning\Cucumber_Java_TestNG\Framework"/>
    <property name="os.arch" value="amd64"/>
    <property name="java.vm.specification.name" value="Java Virtual Machine Specification"/>
    <property name="sun.os.patch.level" value=""/>
    <property name="java.library.path" value="C:\Program Files\Java\jdk-13\bin;C:\Windows\Sun\Java\bin;C:\Windows\system32;C:\Windows;C:\Windows\system32;C:\Windows;C:\Windows\System32\Wbem;C:\Windows\System32\WindowsPowerShell\v1.0\;C:\Windows\System32\OpenSSH\;C:\Program Files\Intel\WiFi\bin\;C:\Program Files\Common Files\Intel\WirelessCommon\;C:\Program Files\PuTTY\;C:\Program Files\Java\jdk-13\bin\;D:\Users\rganesan\scoop\shims;D:\Users\rganesan\AppData\Local\Programs\Python\Python38\Scripts\;D:\Users\rganesan\AppData\Local\Programs\Python\Python38\;D:\Users\rganesan\AppData\Local\Programs\Python\Launcher\;D:\Users\rganesan\AppData\Local\Microsoft\WindowsApps;D:\Users\rganesan\AppData\Local\JetBrains\PyCharm Community Edition 2019.3.5\bin;D:\Users\rganesan\AppData\Local\JetBrains\IntelliJ IDEA Community Edition 2020.1.1\bin;D:\Users\rganesan\AppData\Local\GitHubDesktop\bin;D:\Users\rganesan\AppData\Local\Programs\Git\cmd;D:\Users\rganesan\apache-maven-3.6.3\bin;;."/>
    <property name="java.vm.info" value="mixed mode, sharing"/>
    <property name="java.vendor" value="Oracle Corporation"/>
    <property name="java.vm.version" value="13+33"/>
    <property name="sun.io.unicode.encoding" value="UnicodeLittle"/>
    <property name="java.class.version" value="57.0"/>
  </properties>
  <testcase name="scenario" classname="runner.TestRunner" time="15.029"/>
  <testcase name="scenario" classname="runner.TestRunner" time="14.927"/>
</testsuite>