<?xml version="1.0" encoding="UTF-8"?>
<!-- Generated by org.testng.reporters.JUnitReportReporter -->
<testsuite hostname="AIPL2059LT06691" failures="0" tests="2" name="runner.TestRunner" time="29.952" errors="0" timestamp="2020-07-10T17:31:36 IST" skipped="0">
  <testcase classname="runner.TestRunner" name="scenario" time="14.924"/>
  <system-out/>
  <testcase classname="runner.TestRunner" name="scenario" time="15.028"/>
  <system-out/>
</testsuite> <!-- runner.TestRunner -->
